🚀 TUN runtime started with pool_size=2
📏 TUIC datagram 初始上限 = Some(1375) 字节（超此走 uni-stream 兜底；PLPMTUD 将继续上探）
✅ 已连接 TUIC 出口 47.251.188.205:8443 (sing-box)
🌊 UDP relay 数据面就绪（TUIC Packet datagram → sing-box）
🌊 TUIC UDP 驱动已就绪（datagram 泵 + heartbeat）
🆕 listener pool created for port 5201 (pool_size=2)
🎯 handle SocketHandle(1) extracted target 43.110.37.170:5201
🔄 handle SocketHandle(1) entering OpeningRemote
🚪 handle SocketHandle(1) remote session opened
📬 从大邮筒收到 1 字节数据，准备送往房间 SocketHandle(1)
🔄 handle SocketHandle(1) entering Relaying
🔄 handle SocketHandle(1) entering Relaying
📬 从大邮筒收到 1 字节数据，准备送往房间 SocketHandle(1)
🌊 TUIC UDP↑ new assoc=1 → 43.110.37.170:5201 (first 4B)
📬 从大邮筒收到 1 字节数据，准备送往房间 SocketHandle(1)
📬 从大邮筒收到 1 字节数据，准备送往房间 SocketHandle(1)
🔄 handle SocketHandle(1) entering Relaying
📬 从大邮筒收到 1 字节数据，准备送往房间 SocketHandle(1)
🔄 handle SocketHandle(1) entering Relaying
🔄 handle SocketHandle(1) entering Relaying
📬 从大邮筒收到 334 字节数据，准备送往房间 SocketHandle(1)
🔄 handle SocketHandle(1) entering Relaying
♻️ handle slot rearmed on local port 5201
本地房间 SocketHandle(1) 已关闭通道
🎯 handle SocketHandle(1) extracted target 43.110.37.170:5201
🔄 handle SocketHandle(1) entering OpeningRemote
🚪 handle SocketHandle(1) remote session opened
📬 从大邮筒收到 1 字节数据，准备送往房间 SocketHandle(1)
🔄 handle SocketHandle(1) entering Relaying
🔄 handle SocketHandle(1) entering Relaying
📬 从大邮筒收到 1 字节数据，准备送往房间 SocketHandle(1)
🌊 TUIC UDP↑ new assoc=2 → 43.110.37.170:5201 (first 4B)
📬 从大邮筒收到 2 字节数据，准备送往房间 SocketHandle(1)
🔄 handle SocketHandle(1) entering Relaying
📬 从大邮筒收到 1 字节数据，准备送往房间 SocketHandle(1)
🔄 handle SocketHandle(1) entering Relaying
🔄 handle SocketHandle(1) entering Relaying
📬 从大邮筒收到 314 字节数据，准备送往房间 SocketHandle(1)
📬 从大邮筒收到 1 字节数据，准备送往房间 SocketHandle(1)
🔄 handle SocketHandle(1) entering Relaying
远端服务器关闭了车厢 SocketHandle(1)
📬 从大邮筒收到 0 字节数据，准备送往房间 SocketHandle(1)
🔄 handle SocketHandle(1) entering Closing
♻️ handle slot rearmed on local port 5201
🎯 handle SocketHandle(1) extracted target 43.110.37.170:5201
🔄 handle SocketHandle(1) entering OpeningRemote
🚪 handle SocketHandle(1) remote session opened
📬 从大邮筒收到 1 字节数据，准备送往房间 SocketHandle(1)
🔄 handle SocketHandle(1) entering Relaying
🔄 handle SocketHandle(1) entering Relaying
📬 从大邮筒收到 1 字节数据，准备送往房间 SocketHandle(1)
🌊 TUIC UDP↑ new assoc=3 → 43.110.37.170:5201 (first 4B)
📬 从大邮筒收到 2 字节数据，准备送往房间 SocketHandle(1)
🔄 handle SocketHandle(1) entering Relaying
📬 从大邮筒收到 1 字节数据，准备送往房间 SocketHandle(1)
🔄 handle SocketHandle(1) entering Relaying
🔄 handle SocketHandle(1) entering Relaying
📬 从大邮筒收到 319 字节数据，准备送往房间 SocketHandle(1)
🔄 handle SocketHandle(1) entering Relaying
远端服务器关闭了车厢 SocketHandle(1)
📬 从大邮筒收到 0 字节数据，准备送往房间 SocketHandle(1)
🔄 handle SocketHandle(1) entering Closing
♻️ handle slot rearmed on local port 5201
🌊 TUIC UDP↑ new assoc=4 → 224.0.0.251:5353 (first 198B)
